<?xml version="1.0" encoding="UTF-8"?>
<testsuite xmlns:xsi="http://www.w3.org/2001/XMLSchema-instance" xsi:noNamespaceSchemaLocation="https://maven.apache.org/surefire/maven-surefire-plugin/xsd/surefire-test-report-3.0.xsd" version="3.0" name="dev.jcputney.elearning.parser.parsers.Scorm2004ParserTest" time="0.284" tests="2" errors="0" skipped="0" failures="0">
  <properties>
[...]
</properties>
  <testcase name="testParseContentPackagingOneFilePerSCOSCORM20043rdEdition" classname="dev.jcputney.elearning.parser.parsers.Scorm2004ParserTest" time="0.223"/>
  <testcase name="testParseContentPackagingMetadataSCORM20043rdEdition" classname="dev.jcputney.elearning.parser.parsers.Scorm2004ParserTest" time="0.05"/>
</testsuite>